Mplus VERSION 8.5
MUTHEN & MUTHEN
10/15/2025  10:09 AM

INPUT INSTRUCTIONS

  TITLE:	this is an example of a two-level
  	regression analysis for a continuous
  	dependent variable with a random slope
      and an observed covariate
  DATA:	FILE = ex9.2a.dat;
  VARIABLE:	NAMES = y x w xm clus;
  	WITHIN = x;
  	BETWEEN = w xm;
  	CLUSTER = clus;
  DEFINE:	CENTER x (GROUPMEAN);
  ANALYSIS:	TYPE = TWOLEVEL RANDOM;
  ESTIMATOR = BAYES;

  MODEL:
  	%WITHIN%	
  	s | y ON x;
  	%BETWEEN%	
  	y s ON w xm;
  	y WITH s;

  OUTPUT: CINTERVAL;



INPUT READING TERMINATED NORMALLY



this is an example of a two-level
regression analysis for a continuous
dependent variable with a random slope
and an observed covariate

SUMMARY OF ANALYSIS

Number of groups                                                 1
Number of observations                                        1000

Number of dependent variables                                    1
Number of independent variables                                  3
Number of continuous latent variables                            1

Observed dependent variables

  Continuous
   Y

Observed independent variables
   X           W           XM

Continuous latent variables
   S

Variables with special functions

  Cluster variable      CLUS

  Within variables
   X

  Between variables
   W           XM

  Centering (GROUPMEAN)
   X


Estimator                                                    BAYES
Specifications for Bayesian Estimation
  Point estimate                                            MEDIAN
  Number of Markov chain Monte Carlo (MCMC) chains               2
  Random seed for the first chain                                0
  Starting value information                           UNPERTURBED
  Algorithm used for Markov chain Monte Carlo           GIBBS(PX1)
  Convergence criterion                                  0.500D-01
  Maximum number of iterations                               50000
  K-th iteration used for thinning                               1

Input data file(s)
  ex9.2a.dat
Input data format  FREE


SUMMARY OF DATA

     Number of clusters                        110

       Size (s)    Cluster ID with Size s

          5        1 2 3 4 5 6 7 8 9 10 11 12 13 14 15 16 17 18 19 20 21
                   22 23 24 25 26 27 28 29 30 31 32 33 34 35 36 37 38 39
                   40
         10        41 42 43 44 45 46 47 48 49 50 51 52 53 54 55 56 57 58
                   59 60 61 62 63 64 65 66 67 68 69 70 71 72 73 74 75 76
                   77 78 79 80 81 82 83 84 85 86 87 88 89 90
         15        91 92 93 94 95 96 97 98 99 100 101 102 103 104 105 106
                   107 108 109 110




UNIVARIATE SAMPLE STATISTICS


     UNIVARIATE HIGHER-ORDER MOMENT DESCRIPTIVE STATISTICS

         Variable/         Mean/     Skewness/   Minimum/ % with                Percentiles
        Sample Size      Variance    Kurtosis    Maximum  Min/Max      20%/60%    40%/80%    Median

     Y                     1.493       0.265      -5.451    0.10%      -0.438      0.866      1.359
            1000.000       5.547       0.223       9.654    0.10%       1.895      3.342
     X                     0.000       0.003      -2.949    0.10%      -0.802     -0.227      0.001
            1000.000       0.953       0.066       3.161    0.10%       0.213      0.811
     W                    -0.328      -0.091      -3.044    0.91%      -1.079     -0.629     -0.313
             110.000       0.885       0.005       2.076    0.91%      -0.087      0.518
     XM                   -0.277       0.224      -2.034    0.91%      -0.946     -0.479     -0.258
             110.000       0.458       0.069       1.919    0.91%      -0.133      0.304


THE MODEL ESTIMATION TERMINATED NORMALLY

     USE THE FBITERATIONS OPTION TO INCREASE THE NUMBER OF ITERATIONS BY A FACTOR
     OF AT LEAST TWO TO CHECK CONVERGENCE AND THAT THE PSR VALUE DOES NOT INCREASE.



MODEL FIT INFORMATION

Number of Free Parameters                              10

Information Criteria

          Deviance (DIC)                         3022.942
          Estimated Number of Parameters (pD)     156.413



MODEL RESULTS

                                Posterior  One-Tailed         95% C.I.
                    Estimate       S.D.      P-Value   Lower 2.5%  Upper 2.5%  Significance

Within Level

 Residual Variances
    Y                  1.025       0.055      0.000       0.921       1.143      *

Between Level

 S          ON
    W                  0.416       0.102      0.000       0.221       0.622      *
    XM                 0.503       0.145      0.000       0.225       0.793      *

 Y          ON
    W                  0.982       0.135      0.000       0.712       1.218      *
    XM                 1.218       0.193      0.000       0.808       1.554      *

 Y        WITH
    S                  0.345       0.086      0.000       0.200       0.540      *

 Intercepts
    Y                  2.131       0.103      0.000       1.948       2.325      *
    S                  1.051       0.081      0.000       0.902       1.202      *

 Residual Variances
    Y                  0.803       0.147      0.000       0.588       1.133      *
    S                  0.405       0.083      0.000       0.274       0.612      *


CREDIBILITY INTERVALS OF MODEL RESULTS

                  Lower .5%  Lower 2.5%    Lower 5%    Estimate    Upper 5%  Upper 2.5%   Upper .5%

Within Level

 Residual Variances
    Y                0.878       0.921       0.943       1.025       1.123       1.143       1.170

Between Level

 S        ON
    W                0.138       0.221       0.229       0.416       0.583       0.622       0.681
    XM               0.158       0.225       0.251       0.503       0.757       0.793       0.875

 Y        ON
    W                0.543       0.712       0.752       0.982       1.202       1.218       1.275
    XM               0.607       0.808       0.881       1.218       1.511       1.554       1.663

 Y        WITH
    S                0.176       0.200       0.219       0.345       0.516       0.540       0.570

 Intercepts
    Y                1.914       1.948       1.964       2.131       2.294       2.325       2.342
    S                0.755       0.902       0.919       1.051       1.172       1.202       1.268

 Residual Variances
    Y                0.555       0.588       0.606       0.803       1.074       1.133       1.209
    S                0.231       0.274       0.298       0.405       0.566       0.612       0.654


     Beginning Time:  10:09:49
        Ending Time:  10:09:49
       Elapsed Time:  00:00:00



MUTHEN & MUTHEN
3463 Stoner Ave.
Los Angeles, CA  90066

Tel: (310) 391-9971
Fax: (310) 391-8971
Web: www.StatModel.com
Support: Support@StatModel.com

Copyright (c) 1998-2020 Muthen & Muthen
